<?xml version="1.0" encoding="UTF-8"?>
<testsuite xmlns:xsi="http://www.w3.org/2001/XMLSchema-instance" xsi:noNamespaceSchemaLocation="https://maven.apache.org/surefire/maven-surefire-plugin/xsd/surefire-test-report.xsd" name="calculator.AppTest" time="0.04" tests="1" errors="0" skipped="0" failures="0">
  <properties>
    <property name="java.specification.version" value="16"/>
    <property name="sun.jnu.encoding" value="UTF-8"/>
    <property name="java.class.path" value="/Users/ar-saket.tiwari/Documents/Jenkins/CalculatorApp/devops_calculator/target/test-classes:/Users/ar-saket.tiwari/Documents/Jenkins/CalculatorApp/devops_calculator/target/classes:/Users/ar-saket.tiwari/.m2/repository/junit/junit/4.11/junit-4.11.jar:/Users/ar-saket.tiwari/.m2/repository/org/hamcrest/hamcrest-core/1.3/hamcrest-core-1.3.jar:"/>
    <property name="java.vm.vendor" value="Oracle Corporation"/>
    <property name="sun.arch.data.model" value="64"/>
    <property name="java.vendor.url" value="https://java.oracle.com/"/>
    <property name="os.name" value="Mac OS X"/>
    <property name="java.vm.specification.version" value="16"/>
    <property name="sun.java.launcher" value="SUN_STANDARD"/>
    <property name="user.country" value="IN"/>
    <property name="sun.boot.library.path" value="/Library/Java/JavaVirtualMachines/jdk-16.jdk/Contents/Home/lib"/>
    <property name="sun.java.command" value="/Users/ar-saket.tiwari/Documents/Jenkins/CalculatorApp/devops_calculator/target/surefire/surefirebooter8211400303425257224.jar /Users/ar-saket.tiwari/Documents/Jenkins/CalculatorApp/devops_calculator/target/surefire 2021-05-05T12-57-05_411-jvmRun1 surefire4487318548628349896tmp surefire_0711830154690322110tmp"/>
    <property name="jdk.debug" value="release"/>
    <property name="surefire.test.class.path" value="/Users/ar-saket.tiwari/Documents/Jenkins/CalculatorApp/devops_calculator/target/test-classes:/Users/ar-saket.tiwari/Documents/Jenkins/CalculatorApp/devops_calculator/target/classes:/Users/ar-saket.tiwari/.m2/repository/junit/junit/4.11/junit-4.11.jar:/Users/ar-saket.tiwari/.m2/repository/org/hamcrest/hamcrest-core/1.3/hamcrest-core-1.3.jar:"/>
    <property name="sun.cpu.endian" value="little"/>
    <property name="user.home" value="/Users/ar-saket.tiwari"/>
    <property name="user.language" value="en"/>
    <property name="java.specification.vendor" value="Oracle Corporation"/>
    <property name="java.version.date" value="2021-03-16"/>
    <property name="java.home" value="/Library/Java/JavaVirtualMachines/jdk-16.jdk/Contents/Home"/>
    <property name="file.separator" value="/"/>
    <property name="basedir" value="/Users/ar-saket.tiwari/Documents/Jenkins/CalculatorApp/devops_calculator"/>
    <property name="java.vm.compressedOopsMode" value="Zero based"/>
    <property name="line.separator" value="&#10;"/>
    <property name="java.vm.specification.vendor" value="Oracle Corporation"/>
    <property name="java.specification.name" value="Java Platform API Specification"/>
    <property name="surefire.real.class.path" value="/Users/ar-saket.tiwari/Documents/Jenkins/CalculatorApp/devops_calculator/target/surefire/surefirebooter8211400303425257224.jar"/>
    <property name="sun.management.compiler" value="HotSpot 64-Bit Tiered Compilers"/>
    <property name="java.runtime.version" value="16+36-2231"/>
    <property name="user.name" value="ar-saket.tiwari"/>
    <property name="path.separator" value=":"/>
    <property name="os.version" value="10.16"/>
    <property name="java.runtime.name" value="Java(TM) SE Runtime Environment"/>
    <property name="file.encoding" value="UTF-8"/>
    <property name="java.vm.name" value="Java HotSpot(TM) 64-Bit Server VM"/>
    <property name="localRepository" value="/Users/ar-saket.tiwari/.m2/repository"/>
    <property name="java.vendor.url.bug" value="https://bugreport.java.com/bugreport/"/>
    <property name="java.io.tmpdir" value="/var/folders/dx/5kpfs_kn1cvgz_kznw8yk6zdqmp_sv/T/"/>
    <property name="java.version" value="16"/>
    <property name="user.dir" value="/Users/ar-saket.tiwari/Documents/Jenkins/CalculatorApp/devops_calculator"/>
    <property name="os.arch" value="x86_64"/>
    <property name="java.vm.specification.name" value="Java Virtual Machine Specification"/>
    <property name="java.library.path" value="/Users/ar-saket.tiwari/Library/Java/Extensions:/Library/Java/Extensions:/Network/Library/Java/Extensions:/System/Library/Java/Extensions:/usr/lib/java:."/>
    <property name="java.vm.info" value="mixed mode, sharing"/>
    <property name="java.vendor" value="Oracle Corporation"/>
    <property name="java.vm.version" value="16+36-2231"/>
    <property name="sun.io.unicode.encoding" value="UnicodeBig"/>
    <property name="java.class.version" value="60.0"/>
  </properties>
  <testcase name="shouldAnswerWithTrue" classname="calculator.AppTest" time="0.002"/>
</testsuite>